<?xml version="1.0" encoding="UTF-8"?>
<testng-results ignored="0" total="1" passed="1" failed="0" skipped="0">
  <reporter-output>
    <line>
      <![CDATA[Create Customer]]>
    </line>
  </reporter-output>
  <suite started-at="2023-08-02T20:01:04 IST" name="Default suite" finished-at="2023-08-02T20:01:05 IST" duration-ms="138">
    <groups>
    </groups>
    <test started-at="2023-08-02T20:01:04 IST" name="Default test" finished-at="2023-08-02T20:01:05 IST" duration-ms="138">
      <class name="com.actitime.testscript.CustomerModule">
        <test-method signature="testCreateCustomer()[pri:0, instance:com.actitime.testscript.CustomerModule@3f6f6701]" started-at="2023-08-02T20:01:04 IST" name="testCreateCustomer" finished-at="2023-08-02T20:01:05 IST" duration-ms="30" status="PASS">
          <reporter-output>
            <line>
              <![CDATA[Create Customer]]>
            </line>
          </reporter-output>
        </test-method> <!-- testCreateCustomer -->
      </class> <!-- com.actitime.testscript.CustomerModule -->
    </test> <!-- Default test -->
  </suite> <!-- Default suite -->
</testng-results>
